2023-04-26 13:08:31,991 INFO [http-nio-8080-exec-1] c.e.u.a.TraceAspect [TraceAspect.java:69] The method getUserDTOByID returned: Optional[UserDTO(id=134, name=souhail, birthDate=1999-01-17, country=France, phoneNumber=0123456789, gender=M)]
2023-04-26 13:08:32,006 INFO [http-nio-8080-exec-1] c.e.u.a.TraceAspect [TraceAspect.java:52] Method getUserDTOByID execution time: 160 ms
2023-04-26 13:09:03,897 INFO [http-nio-8080-exec-2] c.e.u.a.TraceAspect [TraceAspect.java:69] The method getUsersDTOByName returned: [UserDTO(id=61, name=souhail, birthDate=1999-01-17, country=France, phoneNumber=0123456789, gender=M), UserDTO(id=79, name=souhail, birthDate=1999-01-17, country=France, phoneNumber=12347890, gender=M), UserDTO(id=80, name=souhail, birthDate=1999-01-17, country=France, phoneNumber=123457890, gender=M), UserDTO(id=81, name=souhail, birthDate=1999-01-17, country=France, phoneNumber=123457890, gender=M), UserDTO(id=82, name=souhail, birthDate=1999-01-17, country=France, phoneNumber=, gender=M), UserDTO(id=83, name=souhail, birthDate=1999-01-17, country=France, phoneNumber=, gender=M), UserDTO(id=84, name=souhail, birthDate=1999-01-17, country=France, phoneNumber=, gender=M), UserDTO(id=85, name=souhail, birthDate=1999-01-17, country=France, phoneNumber=, gender=M), UserDTO(id=86, name=souhail, birthDate=1999-01-17, country=France, phoneNumber=, gender=M), UserDTO(id=87, name=souhail, birthDate=2000-01-17, country=France, phoneNumber=, gender=M), UserDTO(id=88, name=souhail, birthDate=2000-01-17, country=France, phoneNumber=, gender=F), UserDTO(id=89, name=souhail, birthDate=2000-01-17, country=France, phoneNumber=1, gender=F), UserDTO(id=90, name=souhail, birthDate=2000-01-17, country=France, phoneNumber=1, gender=F), UserDTO(id=91, name=souhail, birthDate=2000-01-17, country=France, phoneNumber=1, gender=F), UserDTO(id=92, name=souhail, birthDate=2000-01-17, country=France, phoneNumber=1, gender=F), UserDTO(id=93, name=souhail, birthDate=2000-01-17, country=France, phoneNumber=1, gender=F), UserDTO(id=94, name=souhail, birthDate=2000-01-17, country=France, phoneNumber=1, gender=F), UserDTO(id=95, name=souhail, birthDate=2000-01-17, country=France, phoneNumber=1, gender=F), UserDTO(id=96, name=souhail, birthDate=2000-01-17, country=France, phoneNumber=44444441, gender=F), UserDTO(id=97, name=souhail, birthDate=2000-01-17, country=France, phoneNumber=44444441, gender=F), UserDTO(id=98, name=souhail, birthDate=2000-01-17, country=France, phoneNumber=44444441, gender=), UserDTO(id=99, name=souhail, birthDate=2000-01-17, country=France, phoneNumber=44444441, gender=), UserDTO(id=100, name=souhail, birthDate=2000-01-17, country=France, phoneNumber=44444441, gender=), UserDTO(id=101, name=souhail, birthDate=2000-01-17, country=France, phoneNumber=44444441, gender=), UserDTO(id=102, name=souhail, birthDate=2000-01-17, country=France, phoneNumber=44441, gender=), UserDTO(id=103, name=souhail, birthDate=2000-01-17, country=France, phoneNumber=44441, gender=M), UserDTO(id=104, name=souhail, birthDate=2000-01-17, country=France, phoneNumber=44441, gender=M), UserDTO(id=105, name=souhail, birthDate=2000-01-17, country=France, phoneNumber=44441, gender=M), UserDTO(id=106, name=souhail, birthDate=2000-01-17, country=France, phoneNumber=44441, gender=M), UserDTO(id=107, name=souhail, birthDate=2000-01-17, country=France, phoneNumber=, gender=), UserDTO(id=108, name=souhail, birthDate=2000-01-17, country=France, phoneNumber=1234567890, gender=M), UserDTO(id=109, name=souhail, birthDate=2000-01-17, country=france, phoneNumber=1234567890, gender=M), UserDTO(id=110, name=souhail, birthDate=2000-01-17, country=france, phoneNumber=1234567890, gender=M), UserDTO(id=111, name=souhail, birthDate=2000-01-17, country=france, phoneNumber=1234567890, gender=M), UserDTO(id=112, name=souhail, birthDate=2000-01-17, country=francE, phoneNumber=1234567890, gender=M), UserDTO(id=113, name=souhail, birthDate=2000-01-17, country=francE, phoneNumber=1234567890, gender=M), UserDTO(id=114, name=souhail, birthDate=2000-01-17, country=francE, phoneNumber=1234567890, gender=M), UserDTO(id=115, name=souhail, birthDate=2000-01-17, country=francE, phoneNumber=1234567890, gender=M), UserDTO(id=116, name=souhail, birthDate=2000-01-17, country=francE, phoneNumber=1234567890, gender=M), UserDTO(id=117, name=souhail, birthDate=2000-01-17, country=francE, phoneNumber=1234567890, gender=M), UserDTO(id=118, name=souhail, birthDate=2000-01-17, country=francE, phoneNumber=, gender=M), UserDTO(id=119, name=souhail, birthDate=2000-01-17, country=francE, phoneNumber=, gender=M), UserDTO(id=120, name=souhail, birthDate=2000-01-17, country=francE, phoneNumber=, gender=M), UserDTO(id=121, name=souhail, birthDate=2000-01-17, country=francE, phoneNumber=, gender=M), UserDTO(id=122, name=souhail, birthDate=2000-01-17, country=francE, phoneNumber=1234567890, gender=M), UserDTO(id=123, name=souhail, birthDate=2000-01-17, country=francE, phoneNumber=1234567890, gender=M), UserDTO(id=124, name=souhail, birthDate=2000-01-17, country=francE, phoneNumber=1234567890, gender=M), UserDTO(id=125, name=souhail, birthDate=2000-01-17, country=francE, phoneNumber=1234567890, gender=M), UserDTO(id=126, name=souhail, birthDate=2000-01-17, country=francE, phoneNumber=1234567890, gender=M), UserDTO(id=127, name=souhail, birthDate=2000-01-17, country=francE, phoneNumber=1234567890, gender=M), UserDTO(id=128, name=souhail, birthDate=2000-01-17, country=francE, phoneNumber=1234567890, gender=M), UserDTO(id=129, name=souhail, birthDate=2000-01-17, country=francE, phoneNumber=, gender=M), UserDTO(id=130, name=souhail, birthDate=2000-01-17, country=francE, phoneNumber=, gender=M), UserDTO(id=131, name=souhail, birthDate=1999-01-17, country=FRANCE, phoneNumber=0123456789, gender=M), UserDTO(id=132, name=souhail, birthDate=1999-01-17, country=france, phoneNumber=0123456789, gender=M), UserDTO(id=133, name=souhail, birthDate=1999-01-17, country=France, phoneNumber=, gender=), UserDTO(id=134, name=souhail, birthDate=1999-01-17, country=France, phoneNumber=0123456789, gender=M)]
2023-04-26 13:09:03,908 INFO [http-nio-8080-exec-2] c.e.u.a.TraceAspect [TraceAspect.java:52] Method getUsersDTOByName execution time: 42 ms
2023-04-26 13:40:13,358 INFO [main] c.e.u.a.TraceAspect [TraceAspect.java:69] The method getUserDTOByID returned: Optional[UserDTO(id=1, name=souhail, birthDate=Sun Jan 17 00:00:00 CET 1999, country=France, phoneNumber=0123456789, gender=null)]
2023-04-26 13:40:13,380 INFO [main] c.e.u.a.TraceAspect [TraceAspect.java:52] Method getUserDTOByID execution time: 57 ms
2023-04-26 13:40:13,467 INFO [main] c.e.u.a.TraceAspect [TraceAspect.java:69] The method getValidationErrors returned: []
2023-04-26 13:40:13,467 INFO [main] c.e.u.a.TraceAspect [TraceAspect.java:52] Method getValidationErrors execution time: 0 ms
2023-04-26 13:40:13,608 INFO [main] c.e.u.a.TraceAspect [TraceAspect.java:69] The method saveUser returned: null
2023-04-26 13:40:13,608 INFO [main] c.e.u.a.TraceAspect [TraceAspect.java:52] Method saveUser execution time: 0 ms
2023-04-26 13:40:13,616 INFO [main] c.e.u.a.TraceAspect [TraceAspect.java:69] The method getUserDTOByID returned: Optional[UserDTO(id=1, name=souhail, birthDate=Sun Jan 17 00:00:00 CET 1999, country=France, phoneNumber=0123456789, gender=null)]
2023-04-26 13:40:13,616 INFO [main] c.e.u.a.TraceAspect [TraceAspect.java:52] Method getUserDTOByID execution time: 0 ms
2023-04-26 13:40:13,624 INFO [main] c.e.u.a.TraceAspect [TraceAspect.java:69] The method getUsersDTOByName returned: [UserDTO(id=1, name=souhail, birthDate=Sun Jan 17 00:00:00 CET 1999, country=France, phoneNumber=0123456789, gender=null)]
2023-04-26 13:40:13,624 INFO [main] c.e.u.a.TraceAspect [TraceAspect.java:52] Method getUsersDTOByName execution time: 0 ms
2023-04-26 13:40:13,632 INFO [main] c.e.u.a.TraceAspect [TraceAspect.java:69] The method getValidationErrors returned: [Le num√©ro de t√©l√©phone doit contenir exactement 10 chiffres s'il est renseign√©.]
2023-04-26 13:40:13,632 INFO [main] c.e.u.a.TraceAspect [TraceAspect.java:52] Method getValidationErrors execution time: 0 ms
2023-04-26 13:41:29,559 INFO [main] c.e.u.a.TraceAspect [TraceAspect.java:69] The method getUserDTOByID returned: Optional[UserDTO(id=1, name=souhail, birthDate=Sun Jan 17 00:00:00 CET 1999, country=France, phoneNumber=0123456789, gender=null)]
2023-04-26 13:41:29,578 INFO [main] c.e.u.a.TraceAspect [TraceAspect.java:52] Method getUserDTOByID execution time: 40 ms
2023-04-26 13:41:29,660 INFO [main] c.e.u.a.TraceAspect [TraceAspect.java:69] The method getValidationErrors returned: []
2023-04-26 13:41:29,660 INFO [main] c.e.u.a.TraceAspect [TraceAspect.java:52] Method getValidationErrors execution time: 1 ms
2023-04-26 13:41:29,759 INFO [main] c.e.u.a.TraceAspect [TraceAspect.java:69] The method saveUser returned: null
2023-04-26 13:41:29,759 INFO [main] c.e.u.a.TraceAspect [TraceAspect.java:52] Method saveUser execution time: 1 ms
2023-04-26 13:41:29,761 INFO [main] c.e.u.a.TraceAspect [TraceAspect.java:69] The method getUserDTOByID returned: Optional[UserDTO(id=1, name=souhail, birthDate=Sun Jan 17 00:00:00 CET 1999, country=France, phoneNumber=0123456789, gender=null)]
2023-04-26 13:41:29,761 INFO [main] c.e.u.a.TraceAspect [TraceAspect.java:52] Method getUserDTOByID execution time: 0 ms
2023-04-26 13:41:29,772 INFO [main] c.e.u.a.TraceAspect [TraceAspect.java:69] The method getUsersDTOByName returned: [UserDTO(id=1, name=souhail, birthDate=Sun Jan 17 00:00:00 CET 1999, country=France, phoneNumber=0123456789, gender=null)]
2023-04-26 13:41:29,772 INFO [main] c.e.u.a.TraceAspect [TraceAspect.java:52] Method getUsersDTOByName execution time: 1 ms
2023-04-26 13:41:29,782 INFO [main] c.e.u.a.TraceAspect [TraceAspect.java:69] The method getValidationErrors returned: [Le num√©ro de t√©l√©phone doit contenir exactement 10 chiffres s'il est renseign√©.]
2023-04-26 13:41:29,783 INFO [main] c.e.u.a.TraceAspect [TraceAspect.java:52] Method getValidationErrors execution time: 2 ms
2023-04-26 13:47:16,391 INFO [main] c.e.u.a.TraceAspect [TraceAspect.java:69] The method getUserDTOByID returned: Optional[UserDTO(id=1, name=souhail, birthDate=Sun Jan 17 00:00:00 CET 1999, country=France, phoneNumber=0123456789, gender=null)]
2023-04-26 13:47:16,404 INFO [main] c.e.u.a.TraceAspect [TraceAspect.java:52] Method getUserDTOByID execution time: 38 ms
2023-04-26 13:47:16,503 INFO [main] c.e.u.a.TraceAspect [TraceAspect.java:69] The method getValidationErrors returned: []
2023-04-26 13:47:16,503 INFO [main] c.e.u.a.TraceAspect [TraceAspect.java:52] Method getValidationErrors execution time: 10 ms
2023-04-26 13:47:16,622 INFO [main] c.e.u.a.TraceAspect [TraceAspect.java:69] The method saveUser returned: null
2023-04-26 13:47:16,622 INFO [main] c.e.u.a.TraceAspect [TraceAspect.java:52] Method saveUser execution time: 1 ms
2023-04-26 13:47:16,626 INFO [main] c.e.u.a.TraceAspect [TraceAspect.java:69] The method getUserDTOByID returned: Optional[UserDTO(id=1, name=souhail, birthDate=Sun Jan 17 00:00:00 CET 1999, country=France, phoneNumber=0123456789, gender=null)]
2023-04-26 13:47:16,626 INFO [main] c.e.u.a.TraceAspect [TraceAspect.java:52] Method getUserDTOByID execution time: 1 ms
2023-04-26 13:47:16,639 INFO [main] c.e.u.a.TraceAspect [TraceAspect.java:69] The method getUsersDTOByName returned: [UserDTO(id=1, name=souhail, birthDate=Sun Jan 17 00:00:00 CET 1999, country=France, phoneNumber=0123456789, gender=null)]
2023-04-26 13:47:16,639 INFO [main] c.e.u.a.TraceAspect [TraceAspect.java:52] Method getUsersDTOByName execution time: 2 ms
2023-04-26 13:47:16,650 INFO [main] c.e.u.a.TraceAspect [TraceAspect.java:69] The method getValidationErrors returned: [Le num√©ro de t√©l√©phone doit contenir exactement 10 chiffres s'il est renseign√©.]
2023-04-26 13:47:16,650 INFO [main] c.e.u.a.TraceAspect [TraceAspect.java:52] Method getValidationErrors execution time: 1 ms
2023-04-26 13:47:46,203 INFO [main] c.e.u.a.TraceAspect [TraceAspect.java:69] The method getUserDTOByID returned: Optional[UserDTO(id=1, name=souhail, birthDate=Sun Jan 17 00:00:00 CET 1999, country=France, phoneNumber=0123456789, gender=null)]
2023-04-26 13:47:46,225 INFO [main] c.e.u.a.TraceAspect [TraceAspect.java:52] Method getUserDTOByID execution time: 88 ms
2023-04-26 13:47:46,326 INFO [main] c.e.u.a.TraceAspect [TraceAspect.java:69] The method getValidationErrors returned: []
2023-04-26 13:47:46,326 INFO [main] c.e.u.a.TraceAspect [TraceAspect.java:52] Method getValidationErrors execution time: 8 ms
2023-04-26 13:47:46,418 INFO [main] c.e.u.a.TraceAspect [TraceAspect.java:69] The method saveUser returned: null
2023-04-26 13:47:46,418 INFO [main] c.e.u.a.TraceAspect [TraceAspect.java:52] Method saveUser execution time: 0 ms
2023-04-26 13:47:46,426 INFO [main] c.e.u.a.TraceAspect [TraceAspect.java:69] The method getUserDTOByID returned: Optional[UserDTO(id=1, name=souhail, birthDate=Sun Jan 17 00:00:00 CET 1999, country=France, phoneNumber=0123456789, gender=null)]
2023-04-26 13:47:46,426 INFO [main] c.e.u.a.TraceAspect [TraceAspect.java:52] Method getUserDTOByID execution time: 8 ms
2023-04-26 13:47:46,441 INFO [main] c.e.u.a.TraceAspect [TraceAspect.java:69] The method getUsersDTOByName returned: [UserDTO(id=1, name=souhail, birthDate=Sun Jan 17 00:00:00 CET 1999, country=France, phoneNumber=0123456789, gender=null)]
2023-04-26 13:47:46,441 INFO [main] c.e.u.a.TraceAspect [TraceAspect.java:52] Method getUsersDTOByName execution time: 7 ms
2023-04-26 13:47:46,449 INFO [main] c.e.u.a.TraceAspect [TraceAspect.java:69] The method getValidationErrors returned: [Le num√©ro de t√©l√©phone doit contenir exactement 10 chiffres s'il est renseign√©.]
2023-04-26 13:47:46,449 INFO [main] c.e.u.a.TraceAspect [TraceAspect.java:52] Method getValidationErrors execution time: 0 ms
2023-04-26 13:52:22,534 INFO [http-nio-8080-exec-6] c.e.u.a.TraceAspect [TraceAspect.java:69] The method getValidationErrors returned: []
2023-04-26 13:52:22,534 INFO [http-nio-8080-exec-6] c.e.u.a.TraceAspect [TraceAspect.java:52] Method getValidationErrors execution time: 28 ms
2023-04-26 13:52:22,668 INFO [http-nio-8080-exec-6] c.e.u.a.TraceAspect [TraceAspect.java:69] The method saveUser returned: null
2023-04-26 13:52:22,668 INFO [http-nio-8080-exec-6] c.e.u.a.TraceAspect [TraceAspect.java:52] Method saveUser execution time: 117 ms
2023-04-26 13:52:43,713 INFO [http-nio-8080-exec-5] c.e.u.a.TraceAspect [TraceAspect.java:69] The method getValidationErrors returned: []
2023-04-26 13:52:43,713 INFO [http-nio-8080-exec-5] c.e.u.a.TraceAspect [TraceAspect.java:52] Method getValidationErrors execution time: 0 ms
2023-04-26 13:52:43,723 INFO [http-nio-8080-exec-5] c.e.u.a.TraceAspect [TraceAspect.java:69] The method saveUser returned: null
2023-04-26 13:52:43,723 INFO [http-nio-8080-exec-5] c.e.u.a.TraceAspect [TraceAspect.java:52] Method saveUser execution time: 10 ms
2023-04-26 13:53:01,206 INFO [http-nio-8080-exec-10] c.e.u.a.TraceAspect [TraceAspect.java:69] The method getValidationErrors returned: [La date de naissance de l'utilisateur est obligatoire et l'utilisateur doit Ítre majeur. Votre age : 3]
2023-04-26 13:53:01,206 INFO [http-nio-8080-exec-10] c.e.u.a.TraceAspect [TraceAspect.java:52] Method getValidationErrors execution time: 0 ms
2023-04-26 13:54:10,826 INFO [http-nio-8080-exec-7] c.e.u.a.TraceAspect [TraceAspect.java:69] The method getValidationErrors returned: [La date de naissance de l'utilisateur est obligatoire et l'utilisateur doit Ítre majeur. Votre age : 3]
2023-04-26 13:54:10,826 INFO [http-nio-8080-exec-7] c.e.u.a.TraceAspect [TraceAspect.java:52] Method getValidationErrors execution time: 0 ms
2023-04-26 13:55:19,084 INFO [http-nio-8080-exec-2] c.e.u.a.TraceAspect [TraceAspect.java:69] The method getValidationErrors returned: [La date de naissance de l'utilisateur est obligatoire et l'utilisateur doit Ítre majeur. Votre age : 3, Le pays de l'utilisateur est obligatoire., Seuls les adultes rÈsidents en France sont autorisÈs.]
2023-04-26 13:55:19,084 INFO [http-nio-8080-exec-2] c.e.u.a.TraceAspect [TraceAspect.java:52] Method getValidationErrors execution time: 0 ms
2023-04-26 14:02:51,427 INFO [main] c.e.u.a.TraceAspect [TraceAspect.java:69] The method getValidationErrors returned: []
2023-04-26 14:02:51,437 INFO [main] c.e.u.a.TraceAspect [TraceAspect.java:52] Method getValidationErrors execution time: 28 ms
2023-04-26 14:02:51,512 INFO [main] c.e.u.a.TraceAspect [TraceAspect.java:69] The method getUserDTOByID returned: Optional[UserDTO(id=1, name=souhail, birthDate=Sun Jan 17 00:00:00 CET 1999, country=France, phoneNumber=0123456789, gender=null)]
2023-04-26 14:02:51,536 INFO [main] c.e.u.a.TraceAspect [TraceAspect.java:52] Method getUserDTOByID execution time: 24 ms
2023-04-26 14:02:51,636 INFO [main] c.e.u.a.TraceAspect [TraceAspect.java:69] The method saveUser returned: null
2023-04-26 14:02:51,636 INFO [main] c.e.u.a.TraceAspect [TraceAspect.java:52] Method saveUser execution time: 0 ms
2023-04-26 14:02:51,644 INFO [main] c.e.u.a.TraceAspect [TraceAspect.java:69] The method getUserDTOByID returned: Optional[UserDTO(id=1, name=souhail, birthDate=Sun Jan 17 00:00:00 CET 1999, country=France, phoneNumber=0123456789, gender=null)]
2023-04-26 14:02:51,644 INFO [main] c.e.u.a.TraceAspect [TraceAspect.java:52] Method getUserDTOByID execution time: 0 ms
2023-04-26 14:02:51,651 INFO [main] c.e.u.a.TraceAspect [TraceAspect.java:69] The method getUsersDTOByName returned: [UserDTO(id=1, name=souhail, birthDate=Sun Jan 17 00:00:00 CET 1999, country=France, phoneNumber=0123456789, gender=null)]
2023-04-26 14:02:51,651 INFO [main] c.e.u.a.TraceAspect [TraceAspect.java:52] Method getUsersDTOByName execution time: 0 ms
2023-04-26 14:02:51,659 INFO [main] c.e.u.a.TraceAspect [TraceAspect.java:69] The method getValidationErrors returned: [Le num√©ro de t√©l√©phone doit contenir exactement 10 chiffres s'il est renseign√©.]
2023-04-26 14:02:51,659 INFO [main] c.e.u.a.TraceAspect [TraceAspect.java:52] Method getValidationErrors execution time: 0 ms
2023-04-26 14:03:04,831 INFO [main] c.e.u.a.TraceAspect [TraceAspect.java:69] The method getValidationErrors returned: []
2023-04-26 14:03:04,831 INFO [main] c.e.u.a.TraceAspect [TraceAspect.java:52] Method getValidationErrors execution time: 29 ms
2023-04-26 14:03:04,933 INFO [main] c.e.u.a.TraceAspect [TraceAspect.java:69] The method getUserDTOByID returned: Optional[UserDTO(id=1, name=souhail, birthDate=Sun Jan 17 00:00:00 CET 1999, country=France, phoneNumber=0123456789, gender=null)]
2023-04-26 14:03:04,941 INFO [main] c.e.u.a.TraceAspect [TraceAspect.java:52] Method getUserDTOByID execution time: 8 ms
2023-04-26 14:03:05,046 INFO [main] c.e.u.a.TraceAspect [TraceAspect.java:69] The method saveUser returned: null
2023-04-26 14:03:05,046 INFO [main] c.e.u.a.TraceAspect [TraceAspect.java:52] Method saveUser execution time: 0 ms
2023-04-26 14:03:05,055 INFO [main] c.e.u.a.TraceAspect [TraceAspect.java:69] The method getUserDTOByID returned: Optional[UserDTO(id=1, name=souhail, birthDate=Sun Jan 17 00:00:00 CET 1999, country=France, phoneNumber=0123456789, gender=null)]
2023-04-26 14:03:05,055 INFO [main] c.e.u.a.TraceAspect [TraceAspect.java:52] Method getUserDTOByID execution time: 0 ms
2023-04-26 14:03:05,071 INFO [main] c.e.u.a.TraceAspect [TraceAspect.java:69] The method getUsersDTOByName returned: [UserDTO(id=1, name=souhail, birthDate=Sun Jan 17 00:00:00 CET 1999, country=France, phoneNumber=0123456789, gender=null)]
2023-04-26 14:03:05,071 INFO [main] c.e.u.a.TraceAspect [TraceAspect.java:52] Method getUsersDTOByName execution time: 8 ms
2023-04-26 14:03:05,079 INFO [main] c.e.u.a.TraceAspect [TraceAspect.java:69] The method getValidationErrors returned: [Le num√©ro de t√©l√©phone doit contenir exactement 10 chiffres s'il est renseign√©.]
2023-04-26 14:03:05,079 INFO [main] c.e.u.a.TraceAspect [TraceAspect.java:52] Method getValidationErrors execution time: 0 ms
2023-04-26 14:04:49,111 INFO [main] c.e.u.a.TraceAspect [TraceAspect.java:69] The method getValidationErrors returned: []
2023-04-26 14:04:49,111 INFO [main] c.e.u.a.TraceAspect [TraceAspect.java:52] Method getValidationErrors execution time: 34 ms
2023-04-26 14:04:49,223 INFO [main] c.e.u.a.TraceAspect [TraceAspect.java:69] The method getUserDTOByID returned: Optional[UserDTO(id=1, name=souhail, birthDate=Sun Jan 17 00:00:00 CET 1999, country=France, phoneNumber=0123456789, gender=null)]
2023-04-26 14:04:49,232 INFO [main] c.e.u.a.TraceAspect [TraceAspect.java:52] Method getUserDTOByID execution time: 17 ms
2023-04-26 14:04:49,337 INFO [main] c.e.u.a.TraceAspect [TraceAspect.java:69] The method saveUser returned: null
2023-04-26 14:04:49,337 INFO [main] c.e.u.a.TraceAspect [TraceAspect.java:52] Method saveUser execution time: 0 ms
2023-04-26 14:04:49,337 INFO [main] c.e.u.a.TraceAspect [TraceAspect.java:69] The method getUserDTOByID returned: Optional[UserDTO(id=1, name=souhail, birthDate=Sun Jan 17 00:00:00 CET 1999, country=France, phoneNumber=0123456789, gender=null)]
2023-04-26 14:04:49,337 INFO [main] c.e.u.a.TraceAspect [TraceAspect.java:52] Method getUserDTOByID execution time: 0 ms
2023-04-26 14:04:49,353 INFO [main] c.e.u.a.TraceAspect [TraceAspect.java:69] The method getUsersDTOByName returned: [UserDTO(id=1, name=souhail, birthDate=Sun Jan 17 00:00:00 CET 1999, country=France, phoneNumber=0123456789, gender=null)]
2023-04-26 14:04:49,353 INFO [main] c.e.u.a.TraceAspect [TraceAspect.java:52] Method getUsersDTOByName execution time: 0 ms
2023-04-26 14:04:49,361 INFO [main] c.e.u.a.TraceAspect [TraceAspect.java:69] The method getValidationErrors returned: [Le num√©ro de t√©l√©phone doit contenir exactement 10 chiffres s'il est renseign√©.]
2023-04-26 14:04:49,369 INFO [main] c.e.u.a.TraceAspect [TraceAspect.java:52] Method getValidationErrors execution time: 8 ms
2023-04-26 14:06:25,779 INFO [http-nio-8080-exec-2] c.e.u.a.TraceAspect [TraceAspect.java:69] The method getValidationErrors returned: [La date de naissance de l'utilisateur est obligatoire et l'utilisateur doit Ítre majeur. Votre age : 3, Le pays de l'utilisateur est obligatoire., Seuls les adultes rÈsidents en France sont autorisÈs.]
2023-04-26 14:06:25,779 INFO [http-nio-8080-exec-2] c.e.u.a.TraceAspect [TraceAspect.java:52] Method getValidationErrors execution time: 15 ms
2023-04-26 14:06:26,346 INFO [http-nio-8080-exec-1] c.e.u.a.TraceAspect [TraceAspect.java:69] The method getValidationErrors returned: [La date de naissance de l'utilisateur est obligatoire et l'utilisateur doit Ítre majeur. Votre age : 3, Le pays de l'utilisateur est obligatoire., Seuls les adultes rÈsidents en France sont autorisÈs.]
2023-04-26 14:06:26,346 INFO [http-nio-8080-exec-1] c.e.u.a.TraceAspect [TraceAspect.java:52] Method getValidationErrors execution time: 0 ms
2023-04-26 14:06:35,632 INFO [http-nio-8080-exec-3] c.e.u.a.TraceAspect [TraceAspect.java:69] The method getValidationErrors returned: []
2023-04-26 14:06:35,632 INFO [http-nio-8080-exec-3] c.e.u.a.TraceAspect [TraceAspect.java:52] Method getValidationErrors execution time: 0 ms
2023-04-26 14:06:35,721 INFO [http-nio-8080-exec-3] c.e.u.a.TraceAspect [TraceAspect.java:69] The method saveUser returned: null
2023-04-26 14:06:35,721 INFO [http-nio-8080-exec-3] c.e.u.a.TraceAspect [TraceAspect.java:52] Method saveUser execution time: 82 ms
